<?xml version="1.0" encoding="UTF-8"?>
<!-- Generated by org.testng.reporters.JUnitReportReporter -->
<testsuite skipped="0" hostname="Abhishek" name="com.qa.way.tests.TestNGTest" tests="1" failures="0" timestamp="19 Aug 2018 13:02:45 GMT" time="0.057" errors="0">
  <testcase name="demoTest" time="0.057" classname="com.qa.way.tests.TestNGTest"/>
</testsuite> <!-- com.qa.way.tests.TestNGTest -->
